20230127	16:51:44	6b4cd239-4ef6-4218-8078-8f1c791dffac	GET	/api/cart/63b81211bff6599dd3ada7b3	http://localhost:4000
20230127	16:51:44	e19e1c62-820a-4b56-afea-ca94cbbaa261	GET	/api/cart/63b81211bff6599dd3ada7b3	http://localhost:4000
20230127	16:51:51	21075ec0-2083-436c-8736-14f1c7bb9297	GET	/api/products?limit=12&page=1&	http://localhost:4000
20230127	16:51:52	23f0eeb6-28f0-4fa9-a0af-062b9c8834ef	GET	/api/products?limit=12&page=1&	http://localhost:4000
20230127	16:53:21	adb25ccc-b545-40f2-a9da-1c20c0e7539e	GET	/api/products?limit=12&page=1&category=lighting	http://localhost:4000
20230127	16:53:41	c69cca9c-7344-45f7-a4f3-3efca168a336	GET	/api/products?limit=12&page=1&	http://localhost:4000
20230127	16:53:42	64e16eb7-9cf2-4a7b-9b8b-af8d0cb1776c	GET	/api/products?limit=12&page=1&	http://localhost:4000
20230127	16:53:44	906400d1-9d09-4d88-b417-d5d0ca533357	GET	/api/products?limit=12&page=1&category=tables	http://localhost:4000
20230127	16:54:15	7371f425-929e-4bb9-b82a-6ead0d53b08c	GET	/api/products?limit=12&page=1&category=sofas	http://localhost:4000
20230127	16:54:22	33cec857-6096-4feb-8257-21c12fa8b471	GET	/api/products?limit=12&page=1&category=lighting	http://localhost:4000
20230127	16:54:27	8c97ef7b-da97-41e6-a820-8d1bf7227618	GET	/api/products?limit=12&page=1&category=beds	http://localhost:4000
20230127	16:54:31	46f72835-2c2f-4515-8e00-7f59824c3b1d	GET	/api/products?limit=12&page=1&	http://localhost:4000
20230127	16:54:36	43220988-0ef0-4537-9eb6-ce73b04d303c	GET	/api/products?limit=12&page=1&category=chairs	http://localhost:4000
20230127	16:54:40	2bcc8b33-a3d2-4f34-a05b-3c6643e5c20f	GET	/api/products?limit=12&page=1&	http://localhost:4000
20230127	16:54:40	e0a0df57-c5e9-41af-bde4-78b625c2072c	GET	/api/products?limit=12&page=1&	http://localhost:4000
20230127	17:19:08	bb0b3895-7d8d-4e92-8710-69ee1bc9f119	GET	/api/products?limit=12&page=1&	http://localhost:4000
20230127	17:19:08	7987e7e0-7dc0-4cda-8576-2c0915d54c44	GET	/api/products?limit=12&page=1&	http://localhost:4000
20230127	17:19:43	35a8c85a-298b-4a46-b776-9027f8b03ab5	GET	/api/products?limit=12&page=1&	http://localhost:4000
20230127	17:19:44	f3985d33-cbf9-438a-aad1-f5625c507028	GET	/api/products?limit=12&page=1&	http://localhost:4000
20230127	17:19:46	7d71c367-2c45-4538-b00d-8af73ede8bee	GET	/api/products/toppicks	http://localhost:4000
20230127	17:19:46	39010d7a-d0dc-40e0-9f55-de42e1bec08f	GET	/api/products/toppicks	http://localhost:4000
20230127	17:19:49	a538b030-0433-423c-8e2e-89a5d0bad7aa	GET	/api/products?limit=12&page=1&	http://localhost:4000
20230127	17:19:49	6ad1a298-edb8-45a0-b076-7992ad7151dd	GET	/api/products?limit=12&page=1&	http://localhost:4000
20230127	17:19:56	01178ca8-ed11-45da-a388-7cc716da08e9	GET	/api/products?limit=12&page=1&category=lighting	http://localhost:4000
20230127	17:21:27	cd7d5067-f165-45ec-b160-6749cd1ce5fd	GET	/api/products?limit=12&page=1&	http://localhost:4000
20230127	17:21:28	8f50fc65-1258-435e-9966-229723893174	GET	/api/products?limit=12&page=1&	http://localhost:4000
20230129	16:04:02	b297997b-5dc0-4803-864f-2fbfb5d8ae82	GET	/api/products/toppicks	http://localhost:4000
20230129	16:04:14	9220fb6b-d9f0-442c-94c3-beb64faef13f	GET	/api/products/toppicks	http://localhost:4000
20230129	16:04:37	03f798ff-36fb-4f4f-8e2b-07954ebb6d95	GET	/api/products?limit=12&page=1&	http://localhost:4000
20230129	16:04:39	7208cac2-641d-46c4-ba11-862080b2b6b6	GET	/api/products?limit=12&page=1&	http://localhost:4000
20230129	16:04:48	98752f47-a46b-4843-bef8-b06ccc4d8429	GET	/api/products?limit=12&page=1&	http://localhost:4000
20230129	16:04:49	33bd5fd1-bdc1-40a8-8672-aeb1cc618ad8	GET	/api/products?limit=12&page=1&	http://localhost:4000
20230129	16:06:08	83f988f3-cbfa-40ae-a288-327f172bdea9	POST	/api/cart/63b81211bff6599dd3ada7b3	http://localhost:4000
20230129	16:06:08	3cc0f98b-d7bc-48a7-9774-b2c9679ec4fb	GET	/api/auth/refresh	http://localhost:4000
20230129	16:06:09	01e6f758-5c23-4b63-acfe-792f2435c42d	POST	/api/cart/63b81211bff6599dd3ada7b3	http://localhost:4000
20230129	16:06:17	6e7ab040-825b-4cbd-99e3-5f9de9db4c5e	GET	/api/cart/63b81211bff6599dd3ada7b3	http://localhost:4000
20230129	16:06:18	1eff3ae6-ac61-4f64-841e-56f251581acb	GET	/api/cart/63b81211bff6599dd3ada7b3	http://localhost:4000
20230129	16:06:26	620386e1-b405-46d0-9690-960d8655f4aa	POST	/api/cart/63b81211bff6599dd3ada7b3	http://localhost:4000
20230129	16:06:31	e122e383-a2a5-4370-a90c-671045427ff1	GET	/api/cart/63b81211bff6599dd3ada7b3	http://localhost:4000
20230129	16:06:31	d537eafb-d3eb-448b-9e25-024a757e311c	GET	/api/cart/63b81211bff6599dd3ada7b3	http://localhost:4000
20230129	16:06:35	43d2dd1e-0c06-4877-b504-e0652a721af9	POST	/api/create-checkout-session/63b81211bff6599dd3ada7b3	http://localhost:4000
20230129	16:07:30	bcbe5586-b483-479a-923f-b2147c451423	GET	/api/cart/63b81211bff6599dd3ada7b3	http://localhost:4000
20230129	16:07:30	fe127df5-8319-48dc-8d4e-48a152ff2b6d	GET	/api/cart/63b81211bff6599dd3ada7b3	http://localhost:4000
20230129	16:07:49	76d44b9f-6739-4f6b-bc87-aa6c0dbc6787	GET	/api/products/toppicks	http://localhost:4000
20230129	16:07:50	81420d60-99a6-4cc0-9314-332045f2f01a	GET	/api/products/toppicks	http://localhost:4000
20230129	16:07:52	c43ac07d-de22-40c3-9cb9-7c51fabf4d99	GET	/api/products?limit=12&page=1&	http://localhost:4000
20230129	16:07:53	a0f55a43-07b0-45f1-9a67-be59c54e04dd	GET	/api/products?limit=12&page=1&	http://localhost:4000
20230129	16:07:57	af4f182d-e852-42b3-b5b9-141a5e374743	GET	/api/products?limit=12&page=1&category=tables	http://localhost:4000
20230129	16:08:02	592e2606-e015-4c81-8243-575ba38c44a5	GET	/api/products?limit=12&page=1&	http://localhost:4000
20230129	16:08:05	b2658ee7-302e-4ff2-9dd0-9858d187256c	GET	/api/products?limit=12&page=1&category=beds	http://localhost:4000
20230129	16:09:36	c292c495-750f-4c44-aaf9-a971256bb300	GET	/api/products?limit=12&page=1&category=beds	http://localhost:4000
20230129	16:10:10	e681e831-e65d-42d6-b250-7441f6075ad0	GET	/api/products?limit=12&page=1&	http://localhost:4000
20230129	16:10:12	a4fcd94f-c812-40b4-939c-80f00994a10d	GET	/api/products?limit=12&page=1&	http://localhost:4000
20230129	16:10:14	53a23b59-7f39-4a8d-9e65-b981adf9a0ae	GET	/api/products?limit=12&page=1&category=lighting	http://localhost:4000
20230129	16:10:19	8bf83d79-9f89-4910-837d-30e559d0582a	GET	/api/products?limit=12&page=1&category=tables	http://localhost:4000
20230129	16:10:24	baf3ad7a-fbf0-4cb9-acf0-c0ec7938cb71	GET	/api/products?limit=12&page=1&	http://localhost:4000
20230129	16:10:36	39229c09-3522-4485-832c-d91ba0381f42	GET	/api/products?limit=12&page=1&	http://localhost:4000
20230129	16:11:29	5fcc0b88-3f6c-4ebc-bd44-281633b358a2	GET	/api/products/toppicks	http://localhost:4000
20230129	16:11:30	55e8e2f8-31e2-4682-812d-fd7208caaff0	GET	/api/products/toppicks	http://localhost:4000
20230129	16:18:32	70a63ff0-1ed4-48f1-9767-8ce83c7ea5bd	POST	/api/auth	undefined
20230129	16:21:39	62030e5e-df80-4170-833c-f5c60fbc2c62	GET	/api/products/63b54577f074b27d67f42c40	undefined
20230129	16:22:49	928bd141-9273-4dbf-8a7c-95b11c2a5458	GET	/api/products/63b54577f074b27d67f42c40	undefined
20230129	16:23:47	bd00f490-99eb-41fe-aeec-f4a044521fd2	GET	/api/products/63b54577f074b27d67f42c40	undefined
20230129	16:43:33	92daf085-6c56-425f-b4be-b91546b415d5	GET	/api/products/63b54577f074b27d67f42c40	undefined
20230129	16:43:54	f88742bd-3edf-4477-b9df-bcde61abee6a	GET	/api/products?limit=12&page=1&	http://localhost:4000
20230129	16:43:55	ca2eb3bc-bbb3-4de4-b405-418c5b21bc46	GET	/api/products?limit=12&page=1&	http://localhost:4000
20230129	16:43:56	d959e1ce-9054-4040-9236-9f564dde88ce	GET	/api/products?limit=12&page=1&category=lighting	http://localhost:4000
20230129	16:46:19	806b5b77-1ae9-47b4-82b9-47135d6b9a67	GET	/api/products/63b54577f074b27d67f42c40	undefined
20230129	16:47:54	332bff4f-5826-4068-a166-1853289fc68d	GET	/api/products/63b54577f074b27d67f42c40	undefined
20230129	16:53:37	53fb8ef1-3127-4596-85cd-22280c26c887	GET	/api/products/63b54577f074b27d67f42c40	undefined
20230129	16:54:36	1d609669-ac67-47f0-b560-21e3523caadf	GET	/api/products/63b54577f074b27d67f42c40	undefined
20230129	17:20:37	aedc4a15-e0e8-42d7-bf92-c54023d9919f	GET	/api/products/63b54577f074b27d67f42c40	undefined
20230129	18:22:17	448015a2-7922-42b3-ae50-05abeaca6cee	GET	/api/products?limit=12&page=1&	http://localhost:4000
20230129	18:22:18	39b8fe38-c118-40e8-a8ed-099cc15c74c2	GET	/api/products?limit=12&page=1&	http://localhost:4000
20230129	18:28:13	839635c3-829b-48cf-8cc8-f20cdc72f720	GET	/api/products/63b54577f074b27d67f42c40	http://localhost:4000
20230129	18:28:14	ceb8ab7c-ab1e-42c0-af89-726f8f505282	GET	/api/products/63b54577f074b27d67f42c40	http://localhost:4000
20230129	18:31:40	9611353f-6901-417d-9bdd-5c4c01623a81	GET	/api/products/63b54577f074b27d67f42c40	http://localhost:4000
20230129	18:31:57	2702f3f3-330b-4500-88ef-5e341364c9ff	GET	/api/products/63b54577f074b27d67f42c40	http://localhost:4000
20230129	18:33:37	34e6ff17-3787-4229-b78c-99799c4346a6	GET	/api/products?limit=12&page=1&	http://localhost:4000
20230129	18:33:38	3861edc7-509c-4097-b2aa-af6fa361584a	GET	/api/products?limit=12&page=1&	http://localhost:4000
20230129	18:34:01	777cb372-f3e3-4ba9-991a-195ba45b900b	GET	/api/products/63b545a3f074b27d67f4a707	http://localhost:4000
20230129	18:34:03	1906ad1b-d4a4-41a9-89b6-08f05c32482e	GET	/api/products/63b545a3f074b27d67f4a707	http://localhost:4000
20230129	18:51:53	aab92fbf-5c8f-4f7f-9e06-a677cbff9e8a	GET	/api/products/63b545a3f074b27d67f4a707	http://localhost:4000
20230129	18:52:04	6c1d2cbf-b580-41c4-bff3-e1494a6526af	GET	/api/products/63b545a3f074b27d67f4a707	http://localhost:4000
20230129	18:52:15	1a31c8b7-12f1-46d1-8167-ed4d39c6a536	GET	/api/products/63b545a3f074b27d67f4a707	http://localhost:4000
20230129	18:52:29	e321848c-eab6-45b9-a340-1c22466fb5ea	GET	/api/products/63b545a3f074b27d67f4a707	http://localhost:4000
20230129	18:52:57	58ade781-07f7-4913-8897-6a7f938eeaa8	GET	/api/products/63b545a3f074b27d67f4a707	http://localhost:4000
20230129	18:53:04	1c0e4860-07c8-4a1a-b36d-a99840526923	GET	/api/products?limit=12&page=1&	http://localhost:4000
20230129	18:53:11	94bf888b-ce7d-4073-8a0f-b972b40ac4ed	GET	/api/products?limit=12&page=1&	http://localhost:4000
20230129	18:53:11	27792c52-60d0-4673-b512-de4a447a5d4b	GET	/api/products/toppicks	http://localhost:4000
20230129	18:53:11	f3ff0768-9465-4f65-b7a8-8cb5d4a3b2a7	GET	/api/products/toppicks	http://localhost:4000
20230129	19:04:22	ed1be0a1-d132-432d-9a3b-dba323ef9a3d	GET	/api/products/toppicks	http://localhost:4000
20230129	19:04:22	20adcc29-88b8-409c-b92b-c4739290e368	GET	/api/products/toppicks	http://localhost:4000
20230129	19:05:46	d4115573-fee0-4af0-9546-6bf2cfacbc10	GET	/api/products/toppicks	undefined
20230129	19:12:31	2f84386c-89d0-4ab5-9d6f-d109cd6ebf9d	GET	/api/products/toppicks	undefined
20230129	19:16:06	7c1db35d-1f7d-405e-a663-3aacb2664233	GET	/api/products/toppicks	undefined
20230129	19:18:05	96620f27-94b3-4ee1-b06c-d85284d29a44	GET	/api/products/toppicks	undefined
20230129	19:21:27	d6076f1f-3e03-4eea-a3e6-1cf09a29d843	GET	/api/products/toppicks	undefined
20230129	19:24:39	821c3316-31a6-41c1-b3ac-d3baac763dd5	GET	/api/products/toppicks	undefined
20230129	19:26:04	4719c264-2b6e-403f-9aca-dd505991844d	GET	/api/products/toppicks	undefined
20230129	19:26:55	19335c9c-aa85-4668-8fa0-ca28b3078df2	GET	/api/products/	undefined
20230129	19:27:03	baffce56-619e-4129-bda4-b79caf10c09a	GET	/api/products/toppicks	undefined
20230129	19:30:41	87d5b932-732e-415b-82ca-c56d0dbe83cf	GET	/api/products/toppicks	undefined
20230129	19:30:48	bed4035c-dc5b-44f1-baf9-4c9239b9e5d6	GET	/api/products/63b54577f074b27d67f42c40	undefined
20230129	19:32:16	5734155e-c998-4f86-b82b-33423f0f2f7b	GET	/api/products/toppicks	undefined
20230129	19:33:55	cc07a3f0-fbd2-4f2d-9196-5ac07c439487	GET	/api/products/toppicks	undefined
20230129	19:33:58	0641a2c2-87dd-44c6-838a-7599bac696af	GET	/api/products/63b54577f074b27d67f42c40	undefined
20230129	19:45:49	08c778ad-d580-4ce2-a13e-f721fc5d0372	GET	/api/products/63b54577f074b27d67f42c40	undefined
20230129	19:45:53	7693fdb5-a67e-452b-91d2-a536375e4274	GET	/api/products/toppicks	undefined
20230129	19:46:57	100a660a-f4c5-404c-b530-827b2a97ef10	GET	/api/products/toppicks	undefined
20230129	19:49:21	ed78896d-e1a7-4915-a7fe-a4a96110fbbc	GET	/api/products?limit=12&page=1&	http://localhost:4000
20230129	19:49:22	0046806d-bb7d-4350-af09-3e607949462b	GET	/api/products?limit=12&page=1&	http://localhost:4000
20230129	19:49:24	0203191c-bfaa-4cb7-8b0e-c063463f9f47	GET	/api/products/63b545a3f074b27d67f4a710	http://localhost:4000
20230129	19:49:25	a70a7f28-a3f1-4729-af5b-d5a392bf9bf0	GET	/api/products/63b545a3f074b27d67f4a710	http://localhost:4000
20230129	19:49:32	06265676-ae73-4b9e-985e-2f4cae1a0b7d	GET	/api/products/63b545a3f074b27d67f4a715	http://localhost:4000
20230129	19:49:55	8d8a8816-1674-4b21-919e-724def5188c2	GET	/api/products/63b545a3f074b27d67f4a715	http://localhost:4000
20230129	19:50:16	7c039b92-080d-445c-95d1-25bf4f48ab21	GET	/api/products/63b545a3f074b27d67f4a715	http://localhost:4000
20230129	19:50:30	3d534d10-b450-408b-a0c1-97c8c499e7c6	GET	/api/products/63b545a3f074b27d67f4a70a	http://localhost:4000
20230129	19:51:23	69d91c47-bbdb-4643-ae68-d4a0abc764e0	GET	/api/products/63b545a3f074b27d67f4a70a	http://localhost:4000
20230129	19:51:24	35aa3e0f-431d-43af-9d28-7ce2ac6de573	GET	/api/products/63b545a3f074b27d67f4a70a	http://localhost:4000
20230129	19:51:27	980721f4-ed9e-44f1-9d5f-f7df46a0efd3	GET	/api/products/toppicks	http://localhost:4000
20230129	19:51:27	07be77b5-ed93-437e-88b9-cb1084aff348	GET	/api/products/toppicks	http://localhost:4000
20230129	19:51:37	70699a88-8b76-4eff-8109-088397f39880	GET	/api/products?limit=12&page=1&	http://localhost:4000
20230129	19:51:39	ff51e7ab-0282-4163-a32d-71c2294be466	GET	/api/products?limit=12&page=1&	http://localhost:4000
20230129	19:52:51	5366a1c8-2a0b-4537-af15-eb7a86499912	GET	/api/products?limit=12&page=1&	http://localhost:4000
20230129	19:52:54	20dbac2f-227c-49e2-8d84-6ebc4da6d605	GET	/api/products?limit=12&page=1&	http://localhost:4000
20230129	19:53:03	cca3150a-4c4a-4324-89bc-6999207da12a	GET	/api/products?limit=12&page=1&	http://localhost:4000
20230129	19:53:06	53e8a137-b3ce-4756-a002-241288f69d0f	GET	/api/products?limit=12&page=1&	http://localhost:4000
20230129	19:53:46	1841ec08-09fa-409a-88c8-cf9fbe7996ed	GET	/api/products?limit=12&page=1&	http://localhost:4000
20230129	19:53:51	db9d4598-e2d9-47a9-b184-43a63e9ffc33	GET	/api/products?limit=12&page=1&	http://localhost:4000
20230129	19:54:35	6a7b3730-6204-4d12-a5f6-9fca3872726a	GET	/api/products?limit=12&page=1&	http://localhost:4000
20230129	19:54:38	2ebef19d-41a1-46af-b09f-8b2ca7f2b5b0	GET	/api/products?limit=12&page=1&	http://localhost:4000
20230129	19:54:40	a772b8a6-5538-468b-ae30-f46feb06ea7e	GET	/api/products?limit=12&page=1&category=tables	http://localhost:4000
20230129	19:54:54	20058560-17e5-4561-b68d-2a212a4a9dfd	GET	/api/products?limit=12&page=1&category=chairs	http://localhost:4000
20230129	19:55:01	9076a264-f517-4a6f-8f0f-d453cf24320b	GET	/api/products?limit=12&page=1&	http://localhost:4000
20230129	19:55:21	25b1d735-2f09-4e93-984b-f074ebe1244d	GET	/api/products?limit=12&page=1&	http://localhost:4000
20230129	19:55:53	e01380f7-36c8-43bc-923d-c4c5112d00f2	GET	/api/products?limit=12&page=1	http://localhost:4000
20230129	19:56:12	f9b35fa7-8015-4c6d-852f-ae014969c073	GET	/api/products?limit=12&page=1	http://localhost:4000
20230129	19:56:14	db8d3203-8e91-467a-862b-7f0e954654ab	GET	/api/products?limit=12&page=1	http://localhost:4000
20230129	19:56:15	54d127cc-2796-481c-917d-580c8636c53a	GET	/api/products?limit=12&page=1	http://localhost:4000
20230129	19:56:16	e473a880-9a9e-4ae8-a2a7-255631014743	GET	/api/products?limit=12&page=1&category=tables	http://localhost:4000
20230129	19:56:22	ff6f58c0-0820-460a-9f4d-074b50fd33ac	GET	/api/products?limit=12&page=1&category=storage	http://localhost:4000
20230129	19:56:26	c60e0a98-de4d-407f-b8cd-09c0777f4126	GET	/api/products?limit=12&page=1&category=tables	http://localhost:4000
20230129	19:56:33	42c0d012-657c-4aea-83ac-7a4aa1bfa4a7	GET	/api/products?limit=12&page=1	http://localhost:4000
20230129	19:56:35	21133f71-ab57-4655-9b74-a2cd36c4a1f5	GET	/api/products?limit=12&page=1	http://localhost:4000
20230129	19:56:35	9bb3a933-5c9d-4168-823f-53033ba8bd3d	GET	/api/products?limit=12&page=1&category=chairs	http://localhost:4000
20230129	19:56:48	3d5d5fe2-4c65-4e22-9630-8d58e33f0054	GET	/api/products?limit=12&page=1&category=beds	http://localhost:4000
20230129	19:56:51	ce2e0590-c470-4267-917a-d4c02f8682a4	GET	/api/products?limit=12&page=1&category=chairs	http://localhost:4000
20230129	19:56:55	9ee9c316-a605-4be6-a0d9-dc4e49a7c1a8	GET	/api/products?limit=12&page=1	http://localhost:4000
20230129	19:57:00	121ab54a-6cd3-4418-aeae-090cdea623ce	GET	/api/products?limit=12&page=1&category=sofas	http://localhost:4000
20230129	19:57:01	c4b45d28-8b0f-433a-9dd6-59b8e3f3ad10	GET	/api/products?limit=12&page=1&category=lighting	http://localhost:4000
20230129	19:57:18	f446d361-5bec-463c-90d4-3d8717d1b8f5	GET	/api/products?limit=12&page=1&category=storage	http://localhost:4000
20230129	19:57:18	f4ace70c-4c26-4c28-8fca-a689c8f4992d	GET	/api/products?limit=12&page=1&category=sofas	http://localhost:4000
20230129	19:57:43	0fa3e378-82a5-46f5-830b-52ea7ff393d5	GET	/api/products?limit=12&page=1	http://localhost:4000
20230129	19:57:45	95ef9bcf-7764-4aa2-865d-c2797dd6611c	GET	/api/products?limit=12&page=1	http://localhost:4000
20230129	19:58:05	f715a208-a06e-49f0-8ada-68d1c59dca45	GET	/api/products?limit=12&page=1	http://localhost:4000
20230129	19:58:10	728462cc-8bea-4116-b778-02a3c6387893	GET	/api/products?limit=12&page=1	http://localhost:4000
20230129	19:58:18	98fecc6e-b226-4db5-9061-70139f841059	GET	/api/products?limit=12&page=1	http://localhost:4000
20230129	19:58:22	319d6175-0d26-4927-bd70-65bc5f5420f7	GET	/api/products?limit=12&page=1	http://localhost:4000
20230129	20:24:59	2eb5cbef-138b-4c9d-b97d-b42fb0b12f85	GET	/api/products/toppicks	http://localhost:4000
20230129	20:24:59	4371d017-3101-4f53-ac8d-34d9a92e425d	GET	/api/products/toppicks	http://localhost:4000
20230129	20:25:23	cbbc7eaa-50a0-4d4a-82ef-36a218a65c56	GET	/api/products/toppicks	http://localhost:4000
20230129	20:25:24	8969de40-6746-41b6-9e0c-61ba052282e5	GET	/api/products/toppicks	http://localhost:4000
20230129	20:55:23	a164e6c6-1d4f-4273-b89c-0e4d1f942e3b	POST	/api/checkout/webhook	undefined
20230129	20:55:23	413a9e24-4ff4-4ec8-9df4-1eb23f8d6e79	POST	/api/checkout/webhook	undefined
20230129	20:55:23	a156ba6c-abbf-4f02-affb-07536f09a7f7	POST	/api/checkout/webhook	undefined
20230129	20:55:23	affdf932-cfa5-4e38-9e35-6dec335bd66f	POST	/api/checkout/webhook	undefined
20230129	21:02:58	56578a0b-87e0-4d5d-a821-4026078819fb	POST	/api/checkout/webhook	undefined
20230129	21:02:58	5bf1cec0-fe6c-4402-9d06-1ad2bac01ecd	POST	/api/checkout/webhook	undefined
20230129	21:02:58	315c549f-8bbf-4e03-953c-610305f90850	POST	/api/checkout/webhook	undefined
20230129	21:02:58	d750d255-deff-4f03-a115-739b85e1d36c	POST	/api/checkout/webhook	undefined
20230129	21:25:44	4eeccf33-b1b3-4d5c-bc5a-a6fd6ea1125f	GET	/api/products/toppicks	http://localhost:4000
20230129	21:25:44	7929ed0d-43a1-42c1-bdcb-4d5db90ec175	GET	/api/products/toppicks	http://localhost:4000
20230129	21:39:09	fcc70246-8569-4429-9190-100200860732	GET	/api/products/toppicks	http://localhost:4000
20230129	21:39:09	5b25c091-9579-4bf1-8fff-b912ec564569	GET	/api/cart/63b81211bff6599dd3ada7b3	http://localhost:4000
20230129	21:39:09	0a1d72ca-a4b5-419e-9e90-df065feaf9ed	GET	/api/products/toppicks	http://localhost:4000
20230129	21:39:09	bd1b320e-106c-4184-8d6e-9be552ad1b01	GET	/api/cart/63b81211bff6599dd3ada7b3	http://localhost:4000
20230129	21:39:16	1165ba28-f220-455e-baed-c20fa7fac12e	GET	/api/cart/63b81211bff6599dd3ada7b3	http://localhost:4000
20230129	21:39:17	4bfd2d81-db6c-40a7-9d2b-1fc28194d50d	GET	/api/cart/63b81211bff6599dd3ada7b3	http://localhost:4000
20230129	22:40:41	7399ba29-bf02-421e-8108-3edc2f3500d3	POST	/api/checkout/webhook	undefined
20230129	22:40:41	ece66229-cb4b-48e0-9d84-fcd672bd965a	POST	/api/checkout/webhook	undefined
20230129	22:40:42	a18414ca-b220-4769-954c-85cc166cefd1	POST	/api/checkout/webhook	undefined
20230129	22:40:42	1973aa5f-829b-4995-820c-00e9485ed1c5	POST	/api/checkout/webhook	undefined
20230130	17:01:40	ec6a20b1-ce5e-400e-957f-29e63a182ed5	GET	/api/products?limit=12&page=1	http://localhost:4000
20230130	17:01:41	c2d34d5b-7b12-4c12-9e1f-989bb2c975b8	GET	/api/products?limit=12&page=1	http://localhost:4000
20230130	17:01:43	138178a9-1938-4dc9-b898-398e3421c810	GET	/api/products/63b545a3f074b27d67f4a707	http://localhost:4000
20230130	17:01:44	36a32909-7a7a-404c-83c8-678780ade904	GET	/api/products/63b545a3f074b27d67f4a707	http://localhost:4000
20230130	17:06:17	29f2b2e9-4006-4e07-88bd-952d39a62022	GET	/api/products/63b545a3f074b27d67f4a707	http://localhost:4000
20230130	17:06:17	7908d67a-17e2-4402-822f-4f916250de9b	GET	/api/products/63b545a3f074b27d67f4a707	http://localhost:4000
20230130	17:08:39	1bca0d70-26bc-4c1b-9ab0-f6763aeb2d2c	GET	/api/products/63b545a3f074b27d67f4a707	http://localhost:4000
20230130	17:08:40	3a5230d7-3a7a-4298-b7ec-4fbd76ac74ea	GET	/api/products/63b545a3f074b27d67f4a707	http://localhost:4000
20230130	17:08:44	6f12d297-cd8c-4787-a532-177329e61dcc	POST	/api/auth/logout	http://localhost:4000
20230130	17:08:54	f9e41c84-3e8f-4e13-bb01-b5ca518116bb	POST	/api/auth	http://localhost:4000
20230130	17:08:54	88e70181-4f5d-4a8d-bbb6-a9db1fd5055e	GET	/api/products/toppicks	http://localhost:4000
20230130	17:08:54	f654c509-5163-4fa7-97c0-5633f5396500	GET	/api/cart/63b81211bff6599dd3ada7b3	http://localhost:4000
20230130	17:08:55	5b24af4f-a3c8-4bd0-a2be-e449c6a9ed20	GET	/api/products/toppicks	http://localhost:4000
20230130	17:08:55	74febc59-5ed7-435f-bf0e-c8100794fbd6	GET	/api/cart/63b81211bff6599dd3ada7b3	http://localhost:4000
20230130	17:09:07	e7b43743-994c-4c54-b964-30c86afc72b6	GET	/api/orders/63b81211bff6599dd3ada7b3	http://localhost:4000
20230130	17:09:07	52ec1798-044d-4c1d-ae00-cb09cc15b477	GET	/api/orders/63b81211bff6599dd3ada7b3	http://localhost:4000
20230130	17:09:08	24b0b169-5349-4777-8510-bd338d26780f	POST	/api/auth/logout	http://localhost:4000
20230130	17:09:17	3a2b0e49-13b0-451d-9506-b2a7a7a2edbc	POST	/api/auth	http://localhost:4000
20230130	17:09:22	fec54e5b-22aa-4e93-bec1-a02c6946eec6	POST	/api/auth	http://localhost:4000
20230130	17:09:22	b0aa64b7-62bc-43d7-ae26-4cef1effcb94	GET	/api/cart/63b81211bff6599dd3ada7b3	http://localhost:4000
20230130	17:09:23	2f697d94-ccfd-4028-a966-fda90f85c6a5	GET	/api/cart/63b81211bff6599dd3ada7b3	http://localhost:4000
20230130	17:17:15	9c364a1b-7b46-473c-be00-77a6651dfe1f	POST	/api/auth/logout	http://localhost:4000
20230130	17:17:18	e2014743-2bb1-4681-85f2-6019f3a30697	GET	/api/products?limit=12&page=1	http://localhost:4000
20230130	17:17:19	1d6c4d5c-4c81-4e79-8aa9-967988596eb8	GET	/api/products?limit=12&page=1	http://localhost:4000
20230130	17:17:20	bba8061d-da85-492a-b42e-ce5af097849b	GET	/api/products/63b545a3f074b27d67f4a707	http://localhost:4000
20230130	17:17:21	66a33c51-c9aa-4779-a005-6af1f5e3dfd8	GET	/api/products/63b545a3f074b27d67f4a707	http://localhost:4000
20230130	17:17:33	b4affd14-4a16-4dda-b72c-d4b6894d09ee	POST	/api/auth	http://localhost:4000
20230130	17:17:33	5b4578a3-b63c-4b30-938f-5a21e5fd8290	GET	/api/products/63b545a3f074b27d67f4a707	http://localhost:4000
20230130	17:17:34	86af6438-1348-4c10-95a2-5359d9edc35f	GET	/api/products/63b545a3f074b27d67f4a707	http://localhost:4000
20230130	17:17:39	b94f4fc6-0668-483a-a8fd-f5ac9629570c	GET	/api/cart/63d6a36950f4bf5e68b8a1e0	http://localhost:4000
20230130	17:17:39	54fadff8-eb82-4086-9381-c70c7e330c52	GET	/api/cart/63d6a36950f4bf5e68b8a1e0	http://localhost:4000
20230130	17:17:43	d49e8f2b-e7d2-4298-81c6-a9ad66877ebd	PUT	/api/cart/63d6a36950f4bf5e68b8a1e0	http://localhost:4000
20230130	17:17:46	506ee90c-846b-4eaa-b463-9a8d2a675679	GET	/api/products?limit=12&page=1	http://localhost:4000
20230130	17:17:47	812546dd-633c-44ab-a800-fb082145e434	GET	/api/products?limit=12&page=1	http://localhost:4000
20230130	17:17:49	151e05f2-e3ef-4f7f-a7ee-b9f25dfb777c	GET	/api/products/63b545a3f074b27d67f4a707	http://localhost:4000
20230130	17:17:50	793267a0-a501-4e68-a20a-5a8eba7a5443	GET	/api/products/63b545a3f074b27d67f4a707	http://localhost:4000
20230130	17:17:51	09150956-6d9d-4337-83af-b840f6ef349a	POST	/api/cart/63d6a36950f4bf5e68b8a1e0	http://localhost:4000
20230130	17:18:06	0b42fc16-528f-4a80-935b-83f711b0190f	POST	/api/auth/logout	http://localhost:4000
20240330	23:50:15	e159c318-1b22-48d8-8b7f-09b71e6576ff	GET	/	undefined
20240330	23:50:15	84f4c1e3-1143-4483-81b4-2f0ba48afa1c	GET	/css/style.css	undefined
20240330	23:50:15	4d6652e4-a050-4af8-a08f-85b4d2fc697a	GET	/favicon.ico	undefined
20240330	23:54:47	aef1fd14-c2ba-4169-a9dd-9aa7818c1400	GET	/api/products/	undefined
20240330	23:55:30	0b6a201c-cf30-48c9-8994-8c811f3c5b6a	GET	/api/products/	undefined
20240331	00:00:27	01b0bae6-5eb5-4385-ac04-1ca6c4b3c42d	GET	/products?limit=12&page=1	http://localhost:4000
20240331	00:00:27	f62fd62b-3258-4501-8d16-99eee8e79e36	GET	/products?limit=12&page=1	http://localhost:4000
20240331	00:00:53	9854a64e-4c1e-45f0-8384-b3e303a23c72	GET	/api/products/toppicks	http://localhost:4000
20240331	00:00:53	ac6ffd2d-7bd2-4032-b4a8-b0ab37858af3	GET	/api/cart/undefined	http://localhost:4000
20240331	00:00:53	7eecf69b-a797-45ed-9f1b-b85ea74056f2	GET	/api/cart/undefined	http://localhost:4000
20240331	00:00:53	6bddfbd1-327e-4344-bbe1-2b92c74e63fe	GET	/api/auth/refresh	http://localhost:4000
20240331	00:00:53	5319b18e-1b71-4545-907a-dea27f808c08	GET	/api/auth/refresh	http://localhost:4000
20240331	00:00:53	954c40c1-56ac-48fb-8343-f0c668d9e616	POST	/api/auth/logout	http://localhost:4000
20240331	00:00:53	fe6b875b-aa4c-4970-9ddd-fffa59d9f703	POST	/api/auth/logout	http://localhost:4000
20240331	00:00:53	3e69eefe-1b4c-453f-a30e-e20155fa5777	GET	/api/cart/undefined	http://localhost:4000
20240331	00:00:53	9d8a9c6e-f871-4930-a9ac-a29374f0aac5	GET	/api/cart/undefined	http://localhost:4000
20240331	00:00:53	52b7e88b-bf89-438a-adda-56a17cb8b699	GET	/api/products/toppicks	http://localhost:4000
20240331	00:01:03	d83d6528-e770-4e20-92c1-c1110c92e6a1	GET	/api/products?limit=12&page=1	http://localhost:4000
20240331	00:01:04	137b6868-9eef-4c98-9519-c984623c3c8c	GET	/api/products?limit=12&page=1	http://localhost:4000
20240331	00:01:07	64d5c0dd-ec37-4a17-bdad-809b94798a0e	GET	/api/products?limit=12&page=2	http://localhost:4000
20240331	00:01:09	126ee8b4-f2d3-4796-9fd8-b274c5eb5225	GET	/api/products?limit=12&page=1	http://localhost:4000
20240331	00:01:18	8eff965e-992f-4248-9c0a-7628d99215a1	GET	/api/products?limit=12&page=2	http://localhost:4000
20240331	00:05:45	8b287256-5cca-46f4-bc35-450714531b01	GET	/api/products?limit=12&page=1&category=beds	http://localhost:4000
20240331	00:05:47	69145b47-6e29-45d2-9b78-d6b46c3ddb2f	GET	/api/products?limit=12&page=1&category=chairs	http://localhost:4000
20240331	00:05:48	52a70c2b-e493-4b62-b7bb-6df86da339bc	GET	/api/products?limit=12&page=1&category=lighting	http://localhost:4000
20240331	00:05:50	1a493be1-0b08-4107-96ba-04ded3a1c420	GET	/api/products?limit=12&page=1&category=tables	http://localhost:4000
20240331	00:05:53	f4033bdd-a17a-4556-ba9d-9c348434c613	GET	/api/products?limit=12&page=1	http://localhost:4000
20240331	00:05:58	ba67340e-6ef6-4ab2-b8ea-d6d76a9e2a35	GET	/api/products?limit=12&page=1&category=beds	http://localhost:4000
20240331	00:06:02	23c66a46-9acb-4291-a507-5aa59a1d8c25	GET	/api/products/63b545a3f074b27d67f4a70d	http://localhost:4000
20240331	00:06:03	f5366954-e88c-4476-b672-8a5d4fdb3570	GET	/api/products/63b545a3f074b27d67f4a70d	http://localhost:4000
20240331	00:06:41	73555d13-6974-495c-99c2-58f57a46badc	GET	/api/products?limit=12&page=1	http://localhost:4000
20240331	00:06:42	d5c31d33-32df-4115-8833-482b30c83d39	GET	/api/products?limit=12&page=1	http://localhost:4000
20240331	00:06:53	d64c2a64-3053-4742-9ab0-d3239bb12c31	GET	/api/products?limit=12&page=1	http://localhost:4000
20240331	00:06:53	dbb8785d-66fd-4613-b349-f4deb4aed17c	GET	/api/products?limit=12&page=1	http://localhost:4000
20240331	00:06:59	28a2327e-3774-4d85-a059-24e0b944256c	POST	/api/auth/logout	http://localhost:4000
20240331	00:07:05	b5dbfff4-f997-4037-8d55-fd306112858b	GET	/api/products/toppicks	http://localhost:4000
20240331	00:07:05	09c60df6-0bfb-42c0-80c1-d2c829db5751	GET	/api/cart/undefined	http://localhost:4000
20240331	00:07:05	29d0ce98-6d82-49f0-988e-538ff8ce934c	GET	/api/cart/undefined	http://localhost:4000
20240331	00:07:05	80bd1da0-3c6a-4a80-a251-e94aeb83046f	GET	/api/auth/refresh	http://localhost:4000
20240331	00:07:05	4b5314e7-ccb6-4e08-a138-91c466bc5eb5	GET	/api/auth/refresh	http://localhost:4000
20240331	00:07:05	031a4c72-1f49-4228-abd4-819e3e964c14	POST	/api/auth/logout	http://localhost:4000
20240331	00:07:05	6b7d648f-65eb-4fe5-84e9-fe9b7287c5bb	GET	/api/cart/undefined	http://localhost:4000
20240331	00:07:05	3237fa0b-027b-4e3f-b389-dd0f84f086c3	POST	/api/auth/logout	http://localhost:4000
20240331	00:07:05	0c0ff06b-70f3-4293-84e1-31ccf5a88bec	GET	/api/cart/undefined	http://localhost:4000
20240331	00:07:05	2c7ec09d-86a7-49a3-97c6-d6c8511f652b	GET	/api/products/toppicks	http://localhost:4000
20240331	00:07:09	8dc185a5-2b55-4f97-a90d-ab7a1d4a89e0	GET	/api/products?limit=12&page=1	http://localhost:4000
20240331	00:07:10	04bc752a-2782-4ef5-bb4a-eccffc33e8cc	GET	/api/products?limit=12&page=1	http://localhost:4000
20240331	00:08:04	f546ef5e-4b46-4e79-877a-458ae9771bf7	GET	/api/products?limit=12&page=1	http://localhost:4000
20240331	00:08:04	70cdf3d0-b167-4f51-8d25-013462ede72b	GET	/api/products?limit=12&page=1	http://localhost:4000
20240331	00:08:10	9e20728b-7cd7-4081-a65a-6705a9ce8450	GET	/api/products?limit=12&page=1	http://localhost:4000
20240331	00:08:11	2762a524-76fb-4363-9b6e-7019291f2371	GET	/api/products?limit=12&page=1	http://localhost:4000
20240331	00:08:30	eb6170d6-e0ef-452e-85c3-9a4ccaafaa08	GET	/api/products?limit=12&page=1	http://localhost:4000
20240331	00:08:31	e71c0cac-7a8b-4085-9328-d0d0ad913cad	GET	/api/products?limit=12&page=1	http://localhost:4000
20240331	00:24:16	621ec8df-d1bc-4b17-94ce-1ecd28e4b80d	POST	/api/auth	http://localhost:4000
20240331	00:24:17	fe4a9425-7090-4812-a9a1-b6a8f92f5d80	GET	/api/cart/63d6a36950f4bf5e68b8a1e0	http://localhost:4000
20240331	00:24:17	79da2e03-c419-43be-8934-62f96dcfcd30	GET	/api/products/toppicks	http://localhost:4000
20240331	00:24:17	cf17b42b-af65-4063-982a-d24195fab5cb	GET	/api/cart/63d6a36950f4bf5e68b8a1e0	http://localhost:4000
20240331	00:24:17	6df1eb3b-d268-497f-9e7e-b655b17ede1b	GET	/api/products/toppicks	http://localhost:4000
20240331	00:24:23	c0b0189a-b300-498b-8d72-de08e3cb2fa3	GET	/api/products?limit=12&page=1	http://localhost:4000
20240331	00:24:24	572282eb-6b80-47cc-801e-d5953b6cb471	GET	/api/products?limit=12&page=1	http://localhost:4000
20240331	00:24:25	f56ec42a-f0bc-4bcf-8c95-a63d76940ca5	GET	/api/products/63b545a3f074b27d67f4a716	http://localhost:4000
20240331	00:24:26	0b6b35a1-9a7a-436c-a378-0bed18cf9b66	GET	/api/products/63b545a3f074b27d67f4a716	http://localhost:4000
20240331	00:24:32	0d38440e-1491-4610-8834-69cf622ae245	POST	/api/cart/63d6a36950f4bf5e68b8a1e0	http://localhost:4000
20240331	00:24:37	adfb2f65-8837-4906-b9c8-f54cbb619edd	GET	/api/cart/63d6a36950f4bf5e68b8a1e0	http://localhost:4000
20240331	00:24:37	61f003c4-cb67-4ea4-9b20-bae8723986b2	GET	/api/cart/63d6a36950f4bf5e68b8a1e0	http://localhost:4000
20240331	00:24:45	fc715253-a402-4806-a727-4b8705f9fe36	PUT	/api/cart/63d6a36950f4bf5e68b8a1e0	http://localhost:4000
20240331	00:24:49	ea64b21d-8ccf-4eac-b082-0caba6f131e9	POST	/api/create-checkout-session/63d6a36950f4bf5e68b8a1e0	http://localhost:4000
20240331	00:25:58	aca3d4aa-f3ed-45ac-9623-a240041c4150	DELETE	/api/cart/63d6a36950f4bf5e68b8a1e0	http://localhost:4000
20240331	00:25:58	5a9a7d2c-f8a2-44c4-afd8-bbd0e22861f1	DELETE	/api/cart/63d6a36950f4bf5e68b8a1e0	http://localhost:4000
20240331	00:26:01	c8ebb000-38f7-4994-b35e-f2921313453a	GET	/api/orders/63d6a36950f4bf5e68b8a1e0	http://localhost:4000
20240331	00:26:01	dd08803b-d8ed-4399-aec6-82ed5adcd98b	GET	/api/orders/63d6a36950f4bf5e68b8a1e0	http://localhost:4000
20240331	00:26:13	9f826262-5288-4655-9a5d-866af04bfe27	GET	/api/orders/63d6a36950f4bf5e68b8a1e0	http://localhost:4000
20240331	00:26:14	96f00ccf-b031-4714-84aa-f743b821cd54	GET	/api/orders/63d6a36950f4bf5e68b8a1e0	http://localhost:4000
20240331	00:48:26	1b3e2803-f4ef-430e-9fff-ea37b686bda1	GET	/api/products?limit=12&page=1	http://localhost:4000
20240331	00:48:27	27479a20-132e-4b5c-b4ce-a3460dc0a45c	GET	/api/products?limit=12&page=1	http://localhost:4000
20240331	00:48:34	95fbdaa5-1944-4db9-995e-cc4be27801da	GET	/api/products/63b545a3f074b27d67f4a70f	http://localhost:4000
20240331	00:48:34	4e78e315-afaf-4ca0-a191-227faed26cc6	GET	/api/products/63b545a3f074b27d67f4a70f	http://localhost:4000
20240331	00:48:37	f24a6e03-b0bd-43c8-a1dc-bd44695dffa8	POST	/api/cart/63d6a36950f4bf5e68b8a1e0	http://localhost:4000
20240331	00:48:42	171fdd44-73dc-4124-ab6a-e8695b8aaec0	GET	/api/cart/63d6a36950f4bf5e68b8a1e0	http://localhost:4000
20240331	00:48:42	79ffa62a-dc1f-4653-bad1-cddca9b0af82	GET	/api/cart/63d6a36950f4bf5e68b8a1e0	http://localhost:4000
20240331	00:48:44	eb079ebc-d7c4-4487-bc13-30804bf0eecb	POST	/api/create-checkout-session/63d6a36950f4bf5e68b8a1e0	http://localhost:4000
20240331	00:50:13	bc2b1fc1-4731-4fcb-b564-48d4bc01f268	DELETE	/api/cart/63d6a36950f4bf5e68b8a1e0	http://localhost:4000
20240331	00:50:14	5a22ecae-4a84-47e7-bc28-af092ecaa7cd	DELETE	/api/cart/63d6a36950f4bf5e68b8a1e0	http://localhost:4000
20240331	00:50:33	2031e117-a64f-4e12-bf44-f1ab5a6bc56b	GET	/api/orders/63d6a36950f4bf5e68b8a1e0	http://localhost:4000
20240331	00:50:33	a1418a63-e933-4347-83de-eb6fdcf092b6	GET	/api/orders/63d6a36950f4bf5e68b8a1e0	http://localhost:4000
20240331	00:53:12	4c66a714-2932-4010-8325-779817772bd9	GET	/api/cart/63d6a36950f4bf5e68b8a1e0	http://localhost:4000
20240331	00:53:12	84650a06-93b5-425d-bc92-a1e33f8ccf63	GET	/api/cart/63d6a36950f4bf5e68b8a1e0	http://localhost:4000
20240331	00:53:49	470619d6-04de-4516-b46c-9b1a51f515e1	POST	/api/auth/logout	http://localhost:4000
20240331	00:53:55	8d7d9f21-e437-4686-b50e-7b76d7bc228f	POST	/api/auth	http://localhost:4000
20240331	00:53:56	9e8dae93-790e-4d94-9b8e-88179a210940	GET	/api/cart/63d6a36950f4bf5e68b8a1e0	http://localhost:4000
20240331	00:53:56	db83b8ea-5659-4f19-a32a-60a67001440f	GET	/api/cart/63d6a36950f4bf5e68b8a1e0	http://localhost:4000
20240331	00:58:13	ff4f58a2-2158-4c20-a800-35ca32caa6cd	GET	/api/cart/63d6a36950f4bf5e68b8a1e0	http://localhost:4000
20240331	00:58:13	e9d75f5c-f281-4530-beca-3726ceebb7ad	GET	/api/cart/63d6a36950f4bf5e68b8a1e0	http://localhost:4000
20240331	00:58:53	b1d212c7-5e0e-4b33-a1ad-3d251eb304ae	GET	/api/cart/63d6a36950f4bf5e68b8a1e0	http://localhost:4000
20240331	00:58:54	734f175f-57bf-46e4-850a-9d1275539e96	GET	/api/cart/63d6a36950f4bf5e68b8a1e0	http://localhost:4000
20240331	01:03:18	f3c64e92-6450-4d42-a090-b6cdedb1f1e6	GET	/api/cart/63d6a36950f4bf5e68b8a1e0	http://localhost:4000
20240331	01:03:19	4ba5b3b9-157c-49f9-9e4e-1d9d60368637	GET	/api/cart/63d6a36950f4bf5e68b8a1e0	http://localhost:4000
20240331	01:03:30	2a5be4de-8d30-4650-af1c-4634208e0005	GET	/api/cart/63d6a36950f4bf5e68b8a1e0	http://localhost:4000
20240331	01:03:30	7619011c-bde6-4d4a-a7d6-24dbaac308fe	GET	/api/cart/63d6a36950f4bf5e68b8a1e0	http://localhost:4000
20240331	01:04:18	e5abbe3f-962c-4a83-b676-9c86a06939e6	GET	/api/cart/63d6a36950f4bf5e68b8a1e0	http://localhost:4000
20240331	01:04:18	ada5baf2-bdb5-4f30-bfa8-9763e624bc46	GET	/api/cart/63d6a36950f4bf5e68b8a1e0	http://localhost:4000
20240331	01:06:46	4bbcb7d4-8bac-47e4-add8-d9fbcd071395	GET	/api/cart/63d6a36950f4bf5e68b8a1e0	http://localhost:4000
20240331	01:06:47	300afff4-f450-46c8-8e9c-2882d24cc00d	GET	/api/cart/63d6a36950f4bf5e68b8a1e0	http://localhost:4000
20240331	01:07:26	03741c92-dae0-4d45-bf62-f50fc7c4e153	GET	/api/cart/63d6a36950f4bf5e68b8a1e0	http://localhost:4000
20240331	01:07:26	f5d4b2e9-ab45-45f8-a90c-c8ca6b69f2a7	GET	/api/cart/63d6a36950f4bf5e68b8a1e0	http://localhost:4000
20240331	01:12:37	e90fd563-6863-47b0-ade4-ca4e1532b853	GET	/api/cart/63d6a36950f4bf5e68b8a1e0	http://localhost:4000
20240331	01:12:37	53f53f0f-3bef-4b3f-9344-7ca2887360d2	GET	/api/cart/63d6a36950f4bf5e68b8a1e0	http://localhost:4000
20240331	01:13:30	fb019bcb-44b2-40f3-98e2-a286fcf66281	GET	/api/cart/63d6a36950f4bf5e68b8a1e0	http://localhost:4000
20240331	01:13:31	869a8d58-b9cc-4f84-9db8-c7dcddbe7f75	GET	/api/cart/63d6a36950f4bf5e68b8a1e0	http://localhost:4000
20240331	01:13:44	7d881dcd-19b6-4aec-aec1-d3c7d98f4d85	GET	/api/products?limit=12&page=1	http://localhost:4000
20240331	01:13:44	6a8479de-329a-43fd-9f12-93169b958bb1	GET	/api/products?limit=12&page=1	http://localhost:4000
20240331	01:13:50	760eba70-30b6-4371-bfe6-76a6bba2a85e	GET	/api/products/63b545a3f074b27d67f4a716	http://localhost:4000
20240331	01:13:50	dd35dcff-f029-49d2-ab31-28c83759a646	GET	/api/products/63b545a3f074b27d67f4a716	http://localhost:4000
20240331	01:13:51	87f62a0f-bb62-44f9-a4a5-b81bacda7646	POST	/api/cart/63d6a36950f4bf5e68b8a1e0	http://localhost:4000
20240331	01:13:57	4cea6d2d-a790-4e36-86d0-65543414a299	GET	/api/cart/63d6a36950f4bf5e68b8a1e0	http://localhost:4000
20240331	01:13:57	8c8d7efc-fedb-4f7a-a54b-c47270a05b8f	GET	/api/cart/63d6a36950f4bf5e68b8a1e0	http://localhost:4000
20240331	01:14:09	941c5d49-c0e6-40ee-86a7-4d19f2aad341	GET	/api/cart/63d6a36950f4bf5e68b8a1e0	http://localhost:4000
20240331	01:14:09	ffb889ed-6878-4c16-bff1-b1c68dc8ac9f	GET	/api/cart/63d6a36950f4bf5e68b8a1e0	http://localhost:4000
20240331	01:16:17	deeb4d19-8db8-4f25-afba-0acc282e4c62	GET	/api/cart/63d6a36950f4bf5e68b8a1e0	http://localhost:4000
20240331	01:16:18	119e3bd1-40a2-4434-bdb8-376d381d19d8	GET	/api/cart/63d6a36950f4bf5e68b8a1e0	http://localhost:4000
20240331	01:16:39	6185e4bf-19ef-44de-a133-f0da517b816c	GET	/api/cart/63d6a36950f4bf5e68b8a1e0	http://localhost:4000
20240331	01:16:39	905460ef-81a1-4ec6-b896-8a609ca4a18c	GET	/api/cart/63d6a36950f4bf5e68b8a1e0	http://localhost:4000
20240331	01:16:44	01717213-c65c-4838-bfda-affb2d88012b	GET	/api/cart/63d6a36950f4bf5e68b8a1e0	http://localhost:4000
20240331	01:16:44	f0f46b2b-a4e2-4a5f-86e5-5c803f4aedba	GET	/api/cart/63d6a36950f4bf5e68b8a1e0	http://localhost:4000
20240331	01:16:57	8d57bcf3-7443-4dec-b2c8-e6e1e460ea77	GET	/api/cart/63d6a36950f4bf5e68b8a1e0	http://localhost:4000
20240331	01:16:57	bec36306-72c7-455f-b80e-68a6bd07213a	GET	/api/cart/63d6a36950f4bf5e68b8a1e0	http://localhost:4000
20240331	01:17:43	92d4fb91-62d2-425e-a511-89a94e2f1bfc	GET	/api/cart/63d6a36950f4bf5e68b8a1e0	http://localhost:4000
20240331	01:17:44	fcf6793d-26a2-4461-a2b6-5c2ff693aec5	GET	/api/cart/63d6a36950f4bf5e68b8a1e0	http://localhost:4000
20240331	01:17:47	7b7a5598-8130-4a82-ad65-27646a670ef8	GET	/api/cart/63d6a36950f4bf5e68b8a1e0	http://localhost:4000
20240331	01:17:48	08ff606a-ef2b-49aa-9dd8-e656e216da29	GET	/api/cart/63d6a36950f4bf5e68b8a1e0	http://localhost:4000
20240331	01:17:50	56dcbe30-0e99-4e50-bc54-22a1d93c9653	GET	/api/cart/63d6a36950f4bf5e68b8a1e0	http://localhost:4000
20240331	01:17:51	1594e36b-5270-400a-a6ba-76a7020e7c92	GET	/api/cart/63d6a36950f4bf5e68b8a1e0	http://localhost:4000
20240331	01:18:27	9b584b7c-a397-4ee4-90eb-d7a5ddc4c038	GET	/api/cart/63d6a36950f4bf5e68b8a1e0	http://localhost:4000
20240331	01:18:27	51cdeb9d-b3bc-45f8-a597-3f4059ae8581	GET	/api/cart/63d6a36950f4bf5e68b8a1e0	http://localhost:4000
20240331	01:18:31	9d328026-e7b7-44c3-a637-5e872b28c910	PUT	/api/cart/63d6a36950f4bf5e68b8a1e0	http://localhost:4000
20240331	01:18:34	1bc29349-ffbb-4776-a56e-9a842426a1a3	GET	/api/cart/63d6a36950f4bf5e68b8a1e0	http://localhost:4000
20240331	01:18:34	127478b1-3741-48f5-9f4b-0baa52ce27cc	GET	/api/cart/63d6a36950f4bf5e68b8a1e0	http://localhost:4000
20240331	01:18:52	bba091e5-3109-466f-b66c-e13849c4c28b	GET	/api/cart/63d6a36950f4bf5e68b8a1e0	http://localhost:4000
20240331	01:18:52	dc557b59-c2b3-400a-8c23-38c0ce105c7e	GET	/api/cart/63d6a36950f4bf5e68b8a1e0	http://localhost:4000
20240331	01:18:54	5eca9b85-7afe-4f9f-9ed0-377ba6222bc1	GET	/api/cart/63d6a36950f4bf5e68b8a1e0	http://localhost:4000
20240331	01:18:54	8b8ad13d-565c-4839-ab48-acdda8d02911	GET	/api/cart/63d6a36950f4bf5e68b8a1e0	http://localhost:4000
20240331	01:18:57	87b90c17-4372-4131-8188-d2fd8ca3ee01	GET	/api/orders/63d6a36950f4bf5e68b8a1e0	http://localhost:4000
20240331	01:18:57	6c26c47d-656e-4a00-9caf-01b9d9b1108b	GET	/api/orders/63d6a36950f4bf5e68b8a1e0	http://localhost:4000
20240331	01:19:40	174ea124-22fd-4ca1-9e6c-01efabd35455	GET	/api/products?limit=12&page=1	http://localhost:4000
20240331	01:19:40	a80e625d-10c9-4ca3-b849-949602cf411d	GET	/api/products?limit=12&page=1	http://localhost:4000
20240331	01:25:59	118e9a3c-360b-4f45-b529-8c97b75da434	POST	/api/auth/logout	http://localhost:4000
20240331	01:26:08	1f1de5b0-9582-4cb2-a2eb-671cb6b4fa5e	POST	/api/auth	http://localhost:4000
20240331	01:26:09	3637dcfb-8d15-4772-afa6-a03cdae334aa	GET	/api/products/toppicks	http://localhost:4000
20240331	01:26:09	bb07f77a-26f9-4114-ba30-0ecd35a43cb5	GET	/api/cart/63d6a36950f4bf5e68b8a1e0	http://localhost:4000
20240331	01:26:09	2394dea8-ff10-4e3e-968a-e680f24858bd	GET	/api/products/toppicks	http://localhost:4000
20240331	01:26:09	5914a1f7-6584-4099-8792-ea996ed2ce35	GET	/api/cart/63d6a36950f4bf5e68b8a1e0	http://localhost:4000
20240331	01:26:11	8583a6e8-3e7b-4de2-b897-ebbf61988d43	GET	/api/orders/63d6a36950f4bf5e68b8a1e0	http://localhost:4000
20240331	01:26:11	1eca12d0-3983-40e3-b548-7c54b6b3f037	GET	/api/orders/63d6a36950f4bf5e68b8a1e0	http://localhost:4000
20240331	01:26:13	0b238918-8d51-4f24-a89b-53c6c87dc750	POST	/api/auth/logout	http://localhost:4000
20240331	01:26:15	4a030203-a6e8-4981-a1aa-427f7679d4da	POST	/api/auth	http://localhost:4000
20240331	01:26:15	536a3be7-ee78-4f34-b6b5-03411528908b	GET	/api/orders/63d6a36950f4bf5e68b8a1e0	http://localhost:4000
20240331	01:26:15	68d96882-b8df-4abf-8462-25cd63510411	GET	/api/orders/63d6a36950f4bf5e68b8a1e0	http://localhost:4000
20240331	01:26:24	4f20ecdb-1874-4c07-b22c-345390ebed1f	GET	/api/products?limit=12&page=1	http://localhost:4000
20240331	01:26:24	edc6978b-9c98-45c7-b696-0f8c3a1aa26a	GET	/api/products?limit=12&page=1	http://localhost:4000
20240331	01:26:30	de7cebf3-e3d7-4961-8cb3-204651faae15	GET	/api/products/toppicks	http://localhost:4000
20240331	01:26:30	9b90d364-b40a-433d-8456-18848080cce1	GET	/api/cart/63d6a36950f4bf5e68b8a1e0	http://localhost:4000
20240331	01:26:30	a51476cb-4215-4af8-a68b-d6c13fe1b327	GET	/api/products/toppicks	http://localhost:4000
20240331	01:26:31	a6faa664-7856-4c98-b135-ef0a5fe9c05a	GET	/api/cart/63d6a36950f4bf5e68b8a1e0	http://localhost:4000
20240331	01:26:34	b9088c5d-6986-4bc8-b337-3ca77a0ba4af	GET	/api/products/63b545a3f074b27d67f4a713	http://localhost:4000
20240331	01:26:35	7ffa293c-703b-4a03-8ca2-4817d4140eb9	GET	/api/products/63b545a3f074b27d67f4a713	http://localhost:4000
20240331	01:26:37	81f53f5e-5ebf-4b69-9684-e0f5407914e2	POST	/api/cart/63d6a36950f4bf5e68b8a1e0	http://localhost:4000
20240331	01:26:41	60733b22-4762-415f-a49c-44458628b730	GET	/api/cart/63d6a36950f4bf5e68b8a1e0	http://localhost:4000
20240331	01:26:42	4d80aa82-6ee8-4bd6-9e87-8fae1156a4f0	GET	/api/cart/63d6a36950f4bf5e68b8a1e0	http://localhost:4000
20240331	01:26:47	8265c5bd-c3b4-477b-90c4-2129842712b8	PUT	/api/cart/63d6a36950f4bf5e68b8a1e0	http://localhost:4000
20240331	01:26:47	c4a33afc-3ec2-4565-a117-4c9760553fac	PUT	/api/cart/63d6a36950f4bf5e68b8a1e0	http://localhost:4000
20240331	01:26:48	a587db5f-4123-4c08-9a99-150309a3eb00	PUT	/api/cart/63d6a36950f4bf5e68b8a1e0	http://localhost:4000
20240331	01:26:48	18d1a1f1-ba7e-4340-8190-ab2ad8cda569	PUT	/api/cart/63d6a36950f4bf5e68b8a1e0	http://localhost:4000
20240331	01:28:16	203f1cce-c229-4854-b540-831959094074	GET	/css/style.css	undefined
20240331	01:38:21	a4b4d542-628c-4c91-9990-7559c74e7f83	GET	/api/orders/63d6a36950f4bf5e68b8a1e0	http://localhost:4000
20240331	01:38:22	592c87e2-6091-4c73-b1d4-30f4a016fa82	GET	/api/orders/63d6a36950f4bf5e68b8a1e0	http://localhost:4000
20240331	01:39:13	c7a8a22b-aa70-4adb-859d-35f359eb6fac	GET	/api/orders/63d6a36950f4bf5e68b8a1e0	http://localhost:4000
20240331	01:39:13	1e1783ec-baae-46bc-ad3d-209c82f34535	GET	/api/orders/63d6a36950f4bf5e68b8a1e0	http://localhost:4000
20240331	01:39:19	094db933-e50b-4e62-bdf8-7c8c6fe96866	GET	/api/products?limit=12&page=1	http://localhost:4000
20240331	01:39:19	914617e8-138a-4ea8-8867-7c4643efff87	GET	/api/products?limit=12&page=1	http://localhost:4000
20240331	01:39:20	57d9a871-1258-4c0a-861d-bd927bcc94fb	GET	/api/orders/63d6a36950f4bf5e68b8a1e0	http://localhost:4000
20240331	01:39:20	56da58c3-c9a7-4b17-b19e-ae6edcc421f4	GET	/api/orders/63d6a36950f4bf5e68b8a1e0	http://localhost:4000
20240331	01:39:33	4da1fd72-aa54-4bcc-a985-2259e7696745	GET	/api/orders/63d6a36950f4bf5e68b8a1e0	http://localhost:4000
20240331	01:39:33	dba6dd2c-5632-4f9e-afc1-95ddb7cf3521	GET	/api/orders/63d6a36950f4bf5e68b8a1e0	http://localhost:4000
20240331	01:39:51	b40e94d9-d163-4146-a2c5-bf807d808aa8	GET	/api/orders/63d6a36950f4bf5e68b8a1e0	http://localhost:4000
20240331	01:39:51	5383867e-b730-46be-87eb-73d2dd77f2cd	GET	/api/orders/63d6a36950f4bf5e68b8a1e0	http://localhost:4000
20240331	01:39:55	d7c783f9-6d29-4162-935a-9ad3e54fa693	GET	/api/orders/63d6a36950f4bf5e68b8a1e0	http://localhost:4000
20240331	01:39:56	192dd082-fbe2-4487-9e8e-fa80b98388c9	GET	/api/orders/63d6a36950f4bf5e68b8a1e0	http://localhost:4000
20240331	01:39:57	667128fb-a402-4baf-a18d-6cb07729afc6	GET	/api/orders/63d6a36950f4bf5e68b8a1e0	http://localhost:4000
20240331	01:39:57	ffbb997e-f2ea-4241-93be-95b79d8651b5	GET	/api/orders/63d6a36950f4bf5e68b8a1e0	http://localhost:4000
20240331	01:40:14	5d6cb033-1d62-4197-b3ab-e89679a14bb4	GET	/api/orders/63d6a36950f4bf5e68b8a1e0	http://localhost:4000
20240331	01:40:15	51af82aa-e445-4a93-b64c-25a245069d82	GET	/api/orders/63d6a36950f4bf5e68b8a1e0	http://localhost:4000
20240331	01:40:26	c8046ec2-970d-43f8-bd4b-86f20f3ef80a	GET	/api/orders/63d6a36950f4bf5e68b8a1e0	http://localhost:4000
20240331	01:40:27	8b07f608-e36c-4103-bf5e-192098ebf0f4	GET	/api/orders/63d6a36950f4bf5e68b8a1e0	http://localhost:4000
20240331	01:40:56	1ae4ec0f-3f3b-4688-ae0f-374f72b0150a	GET	/api/orders/63d6a36950f4bf5e68b8a1e0	http://localhost:4000
20240331	01:40:56	4a922d47-3447-4272-a369-3b850d6a2826	GET	/api/orders/63d6a36950f4bf5e68b8a1e0	http://localhost:4000
20240331	01:43:41	bc1e16ec-8e21-4ea8-ba63-dd25f59d979d	GET	/api/products?limit=12&page=1	http://localhost:4000
20240331	01:43:41	55142e84-38cd-4c1a-adac-220df1dde83d	GET	/api/products?limit=12&page=1	http://localhost:4000
20240331	01:43:44	952d01a4-ce10-4510-b9ff-52a7024f226c	GET	/api/products/63b545a3f074b27d67f4a713	http://localhost:4000
20240331	01:43:44	d87797b4-0093-420a-ad08-ead5c166691e	GET	/api/products/63b545a3f074b27d67f4a713	http://localhost:4000
20240331	01:43:46	a0c2b90f-191d-4270-940a-f84ea4b85666	POST	/api/cart/63d6a36950f4bf5e68b8a1e0	http://localhost:4000
20240331	01:43:54	dfe532a5-30f1-4994-9032-dc4f75c5a45f	GET	/api/cart/63d6a36950f4bf5e68b8a1e0	http://localhost:4000
20240331	01:43:54	54531a7d-2186-486b-a3e0-e762f1cb2bcf	GET	/api/cart/63d6a36950f4bf5e68b8a1e0	http://localhost:4000
20240331	01:43:56	05d7daee-3106-4cd0-9908-9ebc2cf52262	POST	/api/create-checkout-session/63d6a36950f4bf5e68b8a1e0	http://localhost:4000
20240331	01:45:05	f2e9f9ad-884d-4119-943b-5ac87b9ac50e	DELETE	/api/cart/63d6a36950f4bf5e68b8a1e0	http://localhost:4000
20240331	01:45:05	48e7182b-7856-4803-b59b-9577fc7e3cfa	DELETE	/api/cart/63d6a36950f4bf5e68b8a1e0	http://localhost:4000
20240331	01:47:39	e86158cf-4ae7-4944-966f-3536ffaa46be	GET	/api/products?limit=12&page=1	http://localhost:4000
20240331	01:47:40	2a9c5bc7-9118-4468-85cc-bfca69ae076b	GET	/api/products?limit=12&page=1	http://localhost:4000
20240331	01:47:42	0af06b18-6fbf-45cd-835b-a7affdb01707	GET	/api/products/63b545a3f074b27d67f4a716	http://localhost:4000
20240331	01:47:43	75514a91-47a1-4c6a-afc3-9b409a2500d0	GET	/api/products/63b545a3f074b27d67f4a716	http://localhost:4000
20240331	01:47:44	6db126f8-ba99-4f87-a8cc-ef3bc296f59c	POST	/api/cart/63d6a36950f4bf5e68b8a1e0	http://localhost:4000
20240331	01:53:00	ce17d1ca-5a13-41a3-b343-d7518f87a996	GET	/api/products/63b545a3f074b27d67f4a716	http://localhost:4000
20240331	01:53:01	009fdb05-d2ab-44cd-a70e-7d40139a81cb	GET	/api/products/63b545a3f074b27d67f4a716	http://localhost:4000
20240331	01:53:06	7cc4339e-0358-4626-ab0f-532479e9ac4d	GET	/api/products?limit=12&page=1	http://localhost:4000
20240331	01:53:06	5244deea-3f7b-44e9-9405-61b815793ae2	GET	/api/products?limit=12&page=1	http://localhost:4000
20240331	01:53:10	acd6eb89-6be8-4da9-8c98-9b3caf37088a	GET	/api/products/63b545a3f074b27d67f4a719	http://localhost:4000
20240331	01:53:10	7393c555-c274-4f99-b84b-7596e77f0ab0	GET	/api/products/63b545a3f074b27d67f4a719	http://localhost:4000
20240331	01:53:11	cb493338-1fd6-47e3-b6e2-94070025aa3f	POST	/api/cart/63d6a36950f4bf5e68b8a1e0	http://localhost:4000
20240331	01:53:17	dc077475-6fcb-4e21-9285-79bbcdfc95c1	GET	/api/cart/63d6a36950f4bf5e68b8a1e0	http://localhost:4000
20240331	01:53:17	e39cba54-af67-4ec2-86b1-c35ad101ff77	GET	/api/cart/63d6a36950f4bf5e68b8a1e0	http://localhost:4000
20240331	02:08:13	02ce74aa-967f-46e0-a950-07437edf58b1	GET	/api/cart/63d6a36950f4bf5e68b8a1e0	http://localhost:4000
20240331	02:08:13	4f37a5d1-638b-4f00-a523-188c375fcb20	GET	/api/cart/63d6a36950f4bf5e68b8a1e0	http://localhost:4000
20240331	02:08:15	ae44c91f-fe55-4cd0-a5dd-adc86e6c3415	GET	/api/products?limit=12&page=1	http://localhost:4000
20240331	02:08:15	0b2509bf-862c-42b1-8641-21a0062b3cee	GET	/api/products?limit=12&page=1	http://localhost:4000
20240331	02:08:26	5d1424a6-0b13-49be-bdb7-736f7f5256b7	GET	/api/products/toppicks	http://localhost:4000
20240331	02:08:26	2a89332d-86fd-4023-a24b-bc97376c21ca	GET	/api/cart/63d6a36950f4bf5e68b8a1e0	http://localhost:4000
20240331	02:08:26	df3a585d-99b2-4035-837c-24f6238c07b9	GET	/api/products/toppicks	http://localhost:4000
20240331	02:08:26	93fec1e3-0041-462d-bb0d-8e1e83ef0b1d	GET	/api/cart/63d6a36950f4bf5e68b8a1e0	http://localhost:4000
20240331	02:08:28	c51445b8-b1c8-4801-b57a-af4d5cf118a6	GET	/api/cart/63d6a36950f4bf5e68b8a1e0	http://localhost:4000
20240331	02:08:28	427604da-9ac9-41eb-a7b3-117a0018c318	GET	/api/cart/63d6a36950f4bf5e68b8a1e0	http://localhost:4000
20240331	02:08:31	77f86fba-28ff-4115-9e55-94fdab8508ad	GET	/api/orders/63d6a36950f4bf5e68b8a1e0	http://localhost:4000
20240331	02:08:31	934e1ca7-2a41-4e4a-b15a-cd02f55d56fc	GET	/api/orders/63d6a36950f4bf5e68b8a1e0	http://localhost:4000
20240331	02:08:34	00c97e78-37a5-4fd3-b9d4-fa47f6a2990c	GET	/api/cart/63d6a36950f4bf5e68b8a1e0	http://localhost:4000
20240331	02:08:34	819656a2-7fd2-4d25-af19-f4d441e4ae97	GET	/api/cart/63d6a36950f4bf5e68b8a1e0	http://localhost:4000
20240331	02:08:36	f34a61d5-287e-4973-ae14-cf83369da55b	POST	/api/create-checkout-session/63d6a36950f4bf5e68b8a1e0	http://localhost:4000
20240331	02:09:20	510c3d6f-5f40-4878-90e2-b0a3cfd62cd1	DELETE	/api/cart/63d6a36950f4bf5e68b8a1e0	http://localhost:4000
20240331	02:09:21	96c3775e-cbf9-45c0-9bef-3a9780513b2e	DELETE	/api/cart/63d6a36950f4bf5e68b8a1e0	http://localhost:4000
20240331	02:09:29	da01c891-7153-40f7-a661-885bfc8310bb	GET	/api/orders/63d6a36950f4bf5e68b8a1e0	http://localhost:4000
20240331	02:09:30	95f9fadd-3a9d-42b0-b7ba-733287cc0e02	GET	/api/orders/63d6a36950f4bf5e68b8a1e0	http://localhost:4000
20240331	02:18:32	0efb3965-b26a-4e94-9937-b65db4d7ea6c	GET	/api/products/toppicks	http://localhost:4000
20240331	02:18:32	e6e70067-bbbe-42d4-b4c4-6ca2165a148a	GET	/api/cart/63d6a36950f4bf5e68b8a1e0	http://localhost:4000
20240331	02:18:32	bf0b72d5-0cc0-49ce-a42b-b698dfd09c35	GET	/api/products/toppicks	http://localhost:4000
20240331	02:18:32	cd7ebe6b-50d5-4d94-af5f-7fb947a03f55	GET	/api/cart/63d6a36950f4bf5e68b8a1e0	http://localhost:4000
20240331	02:18:39	8ca506f3-d82a-4ad1-a71a-376ffb6e49d4	GET	/api/orders/63d6a36950f4bf5e68b8a1e0	http://localhost:4000
20240331	02:18:40	5410103a-dfc1-461f-8d64-d59078a5eb9b	GET	/api/orders/63d6a36950f4bf5e68b8a1e0	http://localhost:4000
20240331	02:18:45	410a60c6-a9a3-4e03-9d3f-29b440decab1	GET	/api/products?limit=12&page=1	http://localhost:4000
20240331	02:18:45	d14b9140-769a-4567-b066-016eb75744e3	GET	/api/products?limit=12&page=1	http://localhost:4000
20240331	02:18:48	a05224e5-3b13-4815-9b13-bdf25932cd1b	GET	/api/products/63b545a3f074b27d67f4a719	http://localhost:4000
20240331	02:18:49	09551530-dc1f-4029-8187-e34f078a8715	GET	/api/products/63b545a3f074b27d67f4a719	http://localhost:4000
20240331	02:18:50	1cb2c81f-4d9e-40fb-a037-92a76167520f	POST	/api/cart/63d6a36950f4bf5e68b8a1e0	http://localhost:4000
20240331	02:18:54	b803cd35-6b77-4ab0-91bf-fc3b07841169	GET	/api/cart/63d6a36950f4bf5e68b8a1e0	http://localhost:4000
20240331	02:18:54	b3b5b8c7-6712-4bf1-b53a-0abd306c5af8	GET	/api/cart/63d6a36950f4bf5e68b8a1e0	http://localhost:4000
20240331	02:18:55	e51ad984-a8d3-4967-9627-af08ab20ef28	POST	/api/create-checkout-session/63d6a36950f4bf5e68b8a1e0	http://localhost:4000
20240331	02:19:37	570b3098-267c-4c3c-b3cc-f89dd6af87cc	DELETE	/api/cart/63d6a36950f4bf5e68b8a1e0	http://localhost:4000
20240331	02:19:37	13e251e0-bf0d-4db9-8737-ad5b4f870b75	DELETE	/api/cart/63d6a36950f4bf5e68b8a1e0	http://localhost:4000
20240331	02:30:48	8c45d27e-4426-4da6-90a3-a0685b28c0ae	POST	/api/auth	http://localhost:4000
20240331	02:30:49	3ccd72e2-c2af-4fd1-8912-f6ce51ac4df4	GET	/api/cart/63d6a36950f4bf5e68b8a1e0	http://localhost:4000
20240331	02:30:49	5839ef11-9375-4e38-81f4-e8392573e037	GET	/api/products/toppicks	http://localhost:4000
20240331	02:30:50	6fee790c-9f64-48b6-a447-ae39322cb0d3	GET	/api/cart/63d6a36950f4bf5e68b8a1e0	http://localhost:4000
20240331	02:30:50	a93bbc3b-1af8-4a36-a55a-6bc769d9147a	GET	/api/products/toppicks	http://localhost:4000
20240331	02:30:54	7ef8ce83-cf05-4337-ac53-60a013282917	GET	/api/orders/63d6a36950f4bf5e68b8a1e0	http://localhost:4000
20240331	02:30:55	ad54b485-4ea2-4885-a7ad-dbd072993adf	GET	/api/orders/63d6a36950f4bf5e68b8a1e0	http://localhost:4000
20240331	02:30:57	71965ab0-b012-4da5-a227-30dbef5bfac1	GET	/api/products?limit=12&page=1	http://localhost:4000
20240331	02:30:58	118a1045-e0da-4fa4-b9d7-276d7442b64d	GET	/api/products?limit=12&page=1	http://localhost:4000
20240331	02:31:00	7d97a7d9-37c3-47ae-8b16-5890e6e60a12	GET	/api/products/63b545a3f074b27d67f4a719	http://localhost:4000
20240331	02:31:01	91ac42a9-f595-45bb-92dc-e350c17bbe19	GET	/api/products/63b545a3f074b27d67f4a719	http://localhost:4000
20240331	02:31:02	f9f4f02f-7147-43af-8d85-4e6fed40c17e	POST	/api/cart/63d6a36950f4bf5e68b8a1e0	http://localhost:4000
20240331	02:31:04	ea9ca50c-d39e-4d13-88c3-970f8c12bf9d	GET	/api/cart/63d6a36950f4bf5e68b8a1e0	http://localhost:4000
20240331	02:31:04	1e10329b-ba8c-4f1c-ba42-45bdb6223b2e	GET	/api/cart/63d6a36950f4bf5e68b8a1e0	http://localhost:4000
20240331	02:31:05	7211c768-b8a6-47f0-8da2-cef4dfabc97d	POST	/api/create-checkout-session/63d6a36950f4bf5e68b8a1e0	http://localhost:4000
20240331	02:31:59	8542589e-aad3-49cb-8088-5056fb816e46	DELETE	/api/cart/63d6a36950f4bf5e68b8a1e0	http://localhost:4000
20240331	02:31:59	9ce45a97-6e4d-4775-90cc-9a398b3cd920	DELETE	/api/cart/63d6a36950f4bf5e68b8a1e0	http://localhost:4000
20240331	02:46:20	9944f7cb-94f5-44ad-b0c6-dabdd1dae42a	GET	/api/products/toppicks	http://localhost:4000
20240331	02:46:20	fdafd014-f332-49e8-93db-b73b3d491246	GET	/api/cart/63d6a36950f4bf5e68b8a1e0	http://localhost:4000
20240331	02:46:20	3e41e11d-31da-418b-93fb-dcb9f34059cd	GET	/api/products/toppicks	http://localhost:4000
20240331	02:46:20	9b2c771a-7808-4e5c-9768-8eb95254ae79	GET	/api/cart/63d6a36950f4bf5e68b8a1e0	http://localhost:4000
20240331	02:46:39	1f4b7c54-d5b1-48e1-b83f-0a4c50c62498	DELETE	/api/cart/63d6a36950f4bf5e68b8a1e0	http://localhost:4000
20240331	02:46:41	93cc0a76-501b-4e22-8391-09bebac12677	GET	/api/products?limit=12&page=1	http://localhost:4000
20240331	02:46:42	8949c3ef-c567-47a3-8f96-a394e9b464a5	GET	/api/products?limit=12&page=1	http://localhost:4000
20240331	02:46:46	6f96ae17-a05f-4ba3-b99b-7d7ae6888702	GET	/api/products/63b545a3f074b27d67f4a713	http://localhost:4000
20240331	02:46:46	8de9e6a7-1932-46c1-b32b-0d21c22ecd33	GET	/api/products/63b545a3f074b27d67f4a713	http://localhost:4000
20240331	02:46:48	c3ac2892-33cf-450b-a473-5fa8a3840343	POST	/api/cart/63d6a36950f4bf5e68b8a1e0	http://localhost:4000
20240331	02:46:49	c55da18f-a75e-48f6-8b89-8be5a12e0149	GET	/api/cart/63d6a36950f4bf5e68b8a1e0	http://localhost:4000
20240331	02:46:50	67f32d45-d5c2-4bbb-90ce-e7585ce0cf0b	GET	/api/cart/63d6a36950f4bf5e68b8a1e0	http://localhost:4000
20240331	02:46:51	0e821ea3-e1a3-42ae-9cfa-2cb1e4d7802f	POST	/api/create-checkout-session/63d6a36950f4bf5e68b8a1e0	http://localhost:4000
20240331	02:47:49	213b31e0-c55b-47e9-8890-7cd0d507a07f	DELETE	/api/cart/63d6a36950f4bf5e68b8a1e0	http://localhost:4000
20240331	02:47:50	ede301dc-024f-4b01-8366-b26ffff92bb8	DELETE	/api/cart/63d6a36950f4bf5e68b8a1e0	http://localhost:4000
20240331	02:52:03	a21de5b1-a16b-4d29-b548-2a97331a443f	GET	/api/products?limit=12&page=1	http://localhost:4000
20240331	02:52:04	b1aa651f-5410-4200-8fde-425cec49eeb0	GET	/api/products?limit=12&page=1	http://localhost:4000
20240331	02:52:09	e55b89c6-f192-4b3c-94d6-e62d07331484	GET	/api/products/63b545a3f074b27d67f4a713	http://localhost:4000
20240331	02:52:09	e36e9728-610c-4762-bc4f-3cf6682f6d14	GET	/api/products/63b545a3f074b27d67f4a713	http://localhost:4000
20240331	02:52:11	e7bdb743-8cb3-4d28-8249-310965bf44d9	POST	/api/cart/63d6a36950f4bf5e68b8a1e0	http://localhost:4000
20240331	02:52:13	bcbf3be6-f1fe-4afe-ae8d-897cf4ecb9b3	GET	/api/cart/63d6a36950f4bf5e68b8a1e0	http://localhost:4000
20240331	02:52:14	3dfdf250-0037-4a20-98b2-bd38fcc59f88	GET	/api/cart/63d6a36950f4bf5e68b8a1e0	http://localhost:4000
20240331	02:52:15	3b590cd6-d183-4673-a830-8c196ececd34	POST	/api/create-checkout-session/63d6a36950f4bf5e68b8a1e0	http://localhost:4000
20240331	02:53:13	e29cc222-8c4d-4594-8161-7a587782b76a	DELETE	/api/cart/63d6a36950f4bf5e68b8a1e0	http://localhost:4000
20240331	02:53:14	2bd14a4c-388a-488b-a7ae-2c74c916df4a	DELETE	/api/cart/63d6a36950f4bf5e68b8a1e0	http://localhost:4000
20240331	03:23:01	50cb2d38-7e66-4157-bf71-fdb5b72eafa5	POST	/checkout/webhook	undefined
20240331	03:23:01	a2a1d598-1d61-40bb-a7c9-545ead9eb48b	POST	/checkout/webhook	undefined
20240331	03:23:01	ba9bdc03-416f-4828-b5f6-44c65b9dacff	POST	/checkout/webhook	undefined
20240331	03:23:59	342a1c75-1b65-46ff-a3c5-2b83c40b8fb4	GET	/api/products/toppicks	http://localhost:4000
20240331	03:23:59	abba5f83-6887-4697-bb96-9dc44397349f	GET	/api/cart/63d6a36950f4bf5e68b8a1e0	http://localhost:4000
20240331	03:23:59	62b27a18-722c-458e-9105-dedc11b3e492	GET	/api/products/toppicks	http://localhost:4000
20240331	03:23:59	3351c72c-c9b8-4898-b7f6-930975c11fed	GET	/api/cart/63d6a36950f4bf5e68b8a1e0	http://localhost:4000
20240331	03:24:07	c95a354b-c1d4-4dc1-b99d-06441ccaa016	GET	/api/products?limit=12&page=1	http://localhost:4000
20240331	03:24:07	59b7c603-4b47-4fba-bf04-8bae3b9b5099	GET	/api/products?limit=12&page=1	http://localhost:4000
20240331	03:24:09	ab55ec42-2fd4-42b4-a897-3edf65add1f7	GET	/api/products/63b545a3f074b27d67f4a716	http://localhost:4000
20240331	03:24:10	85f8dd37-adeb-4986-ad73-72c237b478b4	GET	/api/products/63b545a3f074b27d67f4a716	http://localhost:4000
20240331	03:24:12	a520df99-76c0-4948-bf22-6c368a8580ae	POST	/api/cart/63d6a36950f4bf5e68b8a1e0	http://localhost:4000
20240331	03:24:17	76a15ebe-a827-4411-9300-ab6bcda6152b	GET	/api/cart/63d6a36950f4bf5e68b8a1e0	http://localhost:4000
20240331	03:24:17	8fa435a7-c46b-4dc3-a6d5-bfb482097a79	GET	/api/cart/63d6a36950f4bf5e68b8a1e0	http://localhost:4000
20240331	03:24:19	0ab5f34d-3d2f-4b82-8ebd-70da87d7e212	POST	/api/create-checkout-session/63d6a36950f4bf5e68b8a1e0	http://localhost:4000
20240331	03:24:59	6e1192f9-256b-43ab-8c72-adc33657c4f0	POST	/checkout/webhook	undefined
20240331	03:24:59	4ac3af8a-f586-40f4-b757-b20e624cc690	POST	/checkout/webhook	undefined
20240331	03:24:59	1a23a89a-5419-4538-b566-e53ab9a28f2b	POST	/checkout/webhook	undefined
20240331	03:24:59	91d681dd-32d5-4929-9d0e-4ce242662fee	POST	/checkout/webhook	undefined
20240331	03:25:02	9af7dc3f-f0bb-4b6c-9d6e-68ec104e4225	DELETE	/api/cart/63d6a36950f4bf5e68b8a1e0	http://localhost:4000
20240331	03:25:03	aa0b72bb-07f3-4ac1-a938-43294102546d	DELETE	/api/cart/63d6a36950f4bf5e68b8a1e0	http://localhost:4000
20240331	03:25:04	1bd9dd8c-70ce-4610-a258-3809f7fe759d	GET	/api/orders/63d6a36950f4bf5e68b8a1e0	http://localhost:4000
20240331	03:25:04	c7f2e216-983c-468c-a815-0a73f484ae7f	GET	/api/orders/63d6a36950f4bf5e68b8a1e0	http://localhost:4000
